{"level":"info","message":"Récupération des objectifs pour user:","timestamp":"2025-05-27 01:36:40"}
{"level":"info","message":"8 objectifs trouvés","timestamp":"2025-05-27 01:36:41"}
{"level":"info","message":"Récupération des objectifs pour user:","timestamp":"2025-05-27 01:36:41"}
{"level":"info","message":"8 objectifs trouvés","timestamp":"2025-05-27 01:36:41"}
{"level":"info","message":"Récupération des abonnements pour user:","timestamp":"2025-05-27 01:36:41"}
{"level":"info","message":"13 abonnements trouvés","timestamp":"2025-05-27 01:36:41"}
{"level":"info","message":"Récupération des abonnements pour user:","timestamp":"2025-05-27 01:36:41"}
{"level":"info","message":"13 abonnements trouvés","timestamp":"2025-05-27 01:36:41"}
{"level":"info","message":"Récupération des objectifs pour user:","timestamp":"2025-05-27 01:36:43"}
{"level":"info","message":"Récupération des abonnements pour user:","timestamp":"2025-05-27 01:36:43"}
{"level":"info","message":"8 objectifs trouvés","timestamp":"2025-05-27 01:36:43"}
{"level":"info","message":"13 abonnements trouvés","timestamp":"2025-05-27 01:36:43"}
{"level":"info","message":"Récupération des objectifs pour user:","timestamp":"2025-05-27 01:36:43"}
{"level":"info","message":"Récupération des abonnements pour user:","timestamp":"2025-05-27 01:36:43"}
{"level":"info","message":"8 objectifs trouvés","timestamp":"2025-05-27 01:36:43"}
{"level":"info","message":"13 abonnements trouvés","timestamp":"2025-05-27 01:36:43"}
{"level":"info","message":"Récupération des abonnements pour user:","timestamp":"2025-05-27 01:45:34"}
{"level":"info","message":"Récupération des objectifs pour user:","timestamp":"2025-05-27 01:45:34"}
{"level":"info","message":"13 abonnements trouvés","timestamp":"2025-05-27 01:45:34"}
{"level":"info","message":"8 objectifs trouvés","timestamp":"2025-05-27 01:45:35"}
{"level":"info","message":"Récupération des abonnements pour user:","timestamp":"2025-05-27 01:45:35"}
{"level":"info","message":"Récupération des objectifs pour user:","timestamp":"2025-05-27 01:45:35"}
{"level":"info","message":"13 abonnements trouvés","timestamp":"2025-05-27 01:45:35"}
{"level":"info","message":"8 objectifs trouvés","timestamp":"2025-05-27 01:45:35"}
{"level":"info","message":"Récupération des objectifs pour user:","timestamp":"2025-05-27 01:45:41"}
{"level":"info","message":"8 objectifs trouvés","timestamp":"2025-05-27 01:45:41"}
{"level":"info","message":"Récupération des objectifs pour user:","timestamp":"2025-05-27 01:45:41"}
{"level":"info","message":"8 objectifs trouvés","timestamp":"2025-05-27 01:45:41"}
{"level":"info","message":"Récupération des abonnements pour user:","timestamp":"2025-05-27 01:45:41"}
{"level":"info","message":"13 abonnements trouvés","timestamp":"2025-05-27 01:45:41"}
{"level":"info","message":"Récupération des abonnements pour user:","timestamp":"2025-05-27 01:45:41"}
{"level":"info","message":"13 abonnements trouvés","timestamp":"2025-05-27 01:45:41"}
{"level":"info","message":"Récupération des objectifs pour user:","timestamp":"2025-05-27 02:04:01"}
{"level":"info","message":"8 objectifs trouvés","timestamp":"2025-05-27 02:04:01"}
{"level":"info","message":"Récupération des objectifs pour user:","timestamp":"2025-05-27 02:04:01"}
{"level":"info","message":"Récupération des abonnements pour user:","timestamp":"2025-05-27 02:04:01"}
{"level":"info","message":"8 objectifs trouvés","timestamp":"2025-05-27 02:04:01"}
{"level":"info","message":"13 abonnements trouvés","timestamp":"2025-05-27 02:04:01"}
{"level":"info","message":"Récupération des abonnements pour user:","timestamp":"2025-05-27 02:04:01"}
{"level":"info","message":"13 abonnements trouvés","timestamp":"2025-05-27 02:04:01"}
{"level":"info","message":"Récupération des objectifs pour user:","timestamp":"2025-05-27 02:05:16"}
{"level":"info","message":"Récupération des abonnements pour user:","timestamp":"2025-05-27 02:05:16"}
{"level":"info","message":"8 objectifs trouvés","timestamp":"2025-05-27 02:05:16"}
{"level":"info","message":"13 abonnements trouvés","timestamp":"2025-05-27 02:05:16"}
{"level":"info","message":"Récupération des objectifs pour user:","timestamp":"2025-05-27 02:05:16"}
{"level":"info","message":"Récupération des abonnements pour user:","timestamp":"2025-05-27 02:05:16"}
{"level":"info","message":"8 objectifs trouvés","timestamp":"2025-05-27 02:05:16"}
{"level":"info","message":"13 abonnements trouvés","timestamp":"2025-05-27 02:05:16"}
{"level":"info","message":"Récupération des objectifs pour user:","timestamp":"2025-05-27 02:13:12"}
{"level":"info","message":"8 objectifs trouvés","timestamp":"2025-05-27 02:13:12"}
{"level":"info","message":"Récupération des abonnements pour user:","timestamp":"2025-05-27 02:13:12"}
{"level":"info","message":"13 abonnements trouvés","timestamp":"2025-05-27 02:13:12"}
{"level":"info","message":"Récupération des objectifs pour user:","timestamp":"2025-05-27 02:13:38"}
{"level":"info","message":"8 objectifs trouvés","timestamp":"2025-05-27 02:13:38"}
{"level":"info","message":"Récupération des objectifs pour user:","timestamp":"2025-05-27 02:13:38"}
{"level":"info","message":"8 objectifs trouvés","timestamp":"2025-05-27 02:13:38"}
{"level":"info","message":"Récupération des abonnements pour user:","timestamp":"2025-05-27 02:13:38"}
{"level":"info","message":"13 abonnements trouvés","timestamp":"2025-05-27 02:13:38"}
{"level":"info","message":"Récupération des abonnements pour user:","timestamp":"2025-05-27 02:13:38"}
{"level":"info","message":"13 abonnements trouvés","timestamp":"2025-05-27 02:13:38"}
{"level":"info","message":"Récupération des objectifs pour user:","timestamp":"2025-05-27 12:58:26"}
{"level":"info","message":"Récupération des abonnements pour user:","timestamp":"2025-05-27 12:58:26"}
{"level":"info","message":"8 objectifs trouvés","timestamp":"2025-05-27 12:58:26"}
{"level":"info","message":"13 abonnements trouvés","timestamp":"2025-05-27 12:58:26"}
{"level":"info","message":"Récupération des objectifs pour user:","timestamp":"2025-05-27 12:58:26"}
{"level":"info","message":"Récupération des abonnements pour user:","timestamp":"2025-05-27 12:58:26"}
{"level":"info","message":"8 objectifs trouvés","timestamp":"2025-05-27 12:58:27"}
{"level":"info","message":"13 abonnements trouvés","timestamp":"2025-05-27 12:58:27"}
{"level":"info","message":"Récupération des objectifs pour user:","timestamp":"2025-05-27 13:29:10"}
{"level":"info","message":"Récupération des abonnements pour user:","timestamp":"2025-05-27 13:29:10"}
{"level":"info","message":"8 objectifs trouvés","timestamp":"2025-05-27 13:29:10"}
{"level":"info","message":"13 abonnements trouvés","timestamp":"2025-05-27 13:29:10"}
{"level":"info","message":"Récupération des objectifs pour user:","timestamp":"2025-05-27 13:29:11"}
{"level":"info","message":"Récupération des abonnements pour user:","timestamp":"2025-05-27 13:29:11"}
{"level":"info","message":"8 objectifs trouvés","timestamp":"2025-05-27 13:29:11"}
{"level":"info","message":"13 abonnements trouvés","timestamp":"2025-05-27 13:29:11"}
{"level":"info","message":"Récupération des objectifs pour user:","timestamp":"2025-05-27 13:52:40"}
{"level":"info","message":"8 objectifs trouvés","timestamp":"2025-05-27 13:52:40"}
{"level":"info","message":"Récupération des objectifs pour user:","timestamp":"2025-05-27 13:52:40"}
{"level":"info","message":"8 objectifs trouvés","timestamp":"2025-05-27 13:52:40"}
{"level":"info","message":"Récupération des abonnements pour user:","timestamp":"2025-05-27 13:52:40"}
{"level":"info","message":"13 abonnements trouvés","timestamp":"2025-05-27 13:52:40"}
{"level":"info","message":"Récupération des abonnements pour user:","timestamp":"2025-05-27 13:52:40"}
{"level":"info","message":"13 abonnements trouvés","timestamp":"2025-05-27 13:52:40"}
{"level":"info","message":"Récupération des objectifs pour user:","timestamp":"2025-05-27 14:00:52"}
{"level":"info","message":"8 objectifs trouvés","timestamp":"2025-05-27 14:00:52"}
{"level":"info","message":"Récupération des abonnements pour user:","timestamp":"2025-05-27 14:00:52"}
{"level":"info","message":"13 abonnements trouvés","timestamp":"2025-05-27 14:00:52"}
{"level":"info","message":"Récupération des abonnements pour user:","timestamp":"2025-05-27 14:00:52"}
{"level":"info","message":"13 abonnements trouvés","timestamp":"2025-05-27 14:00:52"}
{"level":"info","message":"Récupération des objectifs pour user:","timestamp":"2025-05-27 14:00:52"}
{"level":"info","message":"8 objectifs trouvés","timestamp":"2025-05-27 14:00:52"}
{"level":"info","message":"Récupération des objectifs pour user:","timestamp":"2025-05-27 14:16:56"}
{"level":"info","message":"8 objectifs trouvés","timestamp":"2025-05-27 14:16:56"}
{"level":"info","message":"Récupération des objectifs pour user:","timestamp":"2025-05-27 14:16:56"}
{"level":"info","message":"8 objectifs trouvés","timestamp":"2025-05-27 14:16:56"}
{"level":"info","message":"Récupération des abonnements pour user:","timestamp":"2025-05-27 14:16:56"}
{"level":"info","message":"13 abonnements trouvés","timestamp":"2025-05-27 14:16:56"}
{"level":"info","message":"Récupération des abonnements pour user:","timestamp":"2025-05-27 14:16:56"}
{"level":"info","message":"13 abonnements trouvés","timestamp":"2025-05-27 14:16:56"}
{"level":"info","message":"Récupération des objectifs pour user:","timestamp":"2025-05-27 14:16:57"}
{"level":"info","message":"8 objectifs trouvés","timestamp":"2025-05-27 14:16:57"}
{"level":"info","message":"Récupération des abonnements pour user:","timestamp":"2025-05-27 14:16:57"}
{"level":"info","message":"Récupération des objectifs pour user:","timestamp":"2025-05-27 14:16:57"}
{"level":"info","message":"13 abonnements trouvés","timestamp":"2025-05-27 14:16:57"}
{"level":"info","message":"8 objectifs trouvés","timestamp":"2025-05-27 14:16:57"}
{"level":"info","message":"Récupération des abonnements pour user:","timestamp":"2025-05-27 14:16:57"}
{"level":"info","message":"13 abonnements trouvés","timestamp":"2025-05-27 14:16:57"}
{"level":"info","message":"Récupération des objectifs pour user:","timestamp":"2025-05-27 14:18:19"}
{"level":"info","message":"Récupération des abonnements pour user:","timestamp":"2025-05-27 14:18:19"}
{"level":"info","message":"13 abonnements trouvés","timestamp":"2025-05-27 14:18:19"}
{"level":"info","message":"8 objectifs trouvés","timestamp":"2025-05-27 14:18:19"}
{"level":"info","message":"Récupération des abonnements pour user:","timestamp":"2025-05-27 14:18:20"}
{"level":"info","message":"Récupération des objectifs pour user:","timestamp":"2025-05-27 14:18:20"}
{"level":"info","message":"13 abonnements trouvés","timestamp":"2025-05-27 14:18:20"}
{"level":"info","message":"8 objectifs trouvés","timestamp":"2025-05-27 14:18:20"}
{"level":"info","message":"Récupération des objectifs pour user:","timestamp":"2025-05-27 14:33:17"}
{"level":"info","message":"8 objectifs trouvés","timestamp":"2025-05-27 14:33:17"}
{"level":"info","message":"Récupération des abonnements pour user:","timestamp":"2025-05-27 14:33:17"}
{"level":"info","message":"Récupération des objectifs pour user:","timestamp":"2025-05-27 14:33:17"}
{"level":"info","message":"13 abonnements trouvés","timestamp":"2025-05-27 14:33:17"}
{"level":"info","message":"8 objectifs trouvés","timestamp":"2025-05-27 14:33:17"}
{"level":"info","message":"Récupération des abonnements pour user:","timestamp":"2025-05-27 14:33:17"}
{"level":"info","message":"13 abonnements trouvés","timestamp":"2025-05-27 14:33:17"}
{"level":"info","message":"Récupération des objectifs pour user:","timestamp":"2025-05-27 14:38:58"}
{"level":"info","message":"8 objectifs trouvés","timestamp":"2025-05-27 14:38:58"}
{"level":"info","message":"Récupération des objectifs pour user:","timestamp":"2025-05-27 14:38:58"}
{"level":"info","message":"8 objectifs trouvés","timestamp":"2025-05-27 14:38:58"}
{"0":"a","1":"v","10":"e","11":"s","12":":","13":"d","14":"a","15":"0","16":"a","17":"1","18":"3","19":"1","2":"e","20":"1","21":"4","22":"8","23":"5","3":"c","4":" ","5":"d","6":"o","7":"n","8":"n","9":"é","__v":0,"_id":"682f5c0b175fdda0a1311485","category":"Voiture","createdAt":"2025-05-22T17:16:59.210Z","currentAmount":500,"deadline":"2025-05-25T00:00:00.000Z","id":"682f5c0b175fdda0a1311485","level":"info","message":"Mise à jour objectif:","status":"ACTIVE","targetAmount":500,"timestamp":"2025-05-27 14:39:06","title":"voiture pour ma soeur","updatedAt":"2025-05-22T18:18:13.901Z","user":"682c99ee3de83126faf4d74c"}
{"level":"info","message":"Objectif atteint, création notification","timestamp":"2025-05-27 14:39:06"}
{"level":"info","message":"Création notification objectif atteint:","timestamp":"2025-05-27 14:39:06"}
{"level":"info","message":"Création notification:","timestamp":"2025-05-27 14:39:06","title":"Objectif atteint !","type":"objectif_atteint","userId":"682c99ee3de83126faf4d74c"}
{"level":"info","message":"Notification créée avec succès:","timestamp":"2025-05-27 14:39:06"}
{"level":"info","message":"Objectif mis à jour avec succès","timestamp":"2025-05-27 14:39:06"}
{"level":"info","message":"Récupération des objectifs pour user:","timestamp":"2025-05-27 14:39:06"}
{"level":"info","message":"8 objectifs trouvés","timestamp":"2025-05-27 14:39:06"}
{"level":"info","message":"Récupération des objectifs pour user:","timestamp":"2025-05-27 14:39:10"}
{"level":"info","message":"8 objectifs trouvés","timestamp":"2025-05-27 14:39:10"}
{"level":"info","message":"Récupération des objectifs pour user:","timestamp":"2025-05-27 14:39:10"}
{"level":"info","message":"Récupération des abonnements pour user:","timestamp":"2025-05-27 14:39:10"}
{"level":"info","message":"8 objectifs trouvés","timestamp":"2025-05-27 14:39:10"}
{"level":"info","message":"13 abonnements trouvés","timestamp":"2025-05-27 14:39:10"}
{"level":"info","message":"Récupération des abonnements pour user:","timestamp":"2025-05-27 14:39:10"}
{"level":"info","message":"13 abonnements trouvés","timestamp":"2025-05-27 14:39:10"}
{"level":"info","message":"Récupération des objectifs pour user:","timestamp":"2025-05-27 14:45:07"}
{"level":"info","message":"Récupération des abonnements pour user:","timestamp":"2025-05-27 14:45:07"}
{"level":"info","message":"8 objectifs trouvés","timestamp":"2025-05-27 14:45:07"}
{"level":"info","message":"13 abonnements trouvés","timestamp":"2025-05-27 14:45:07"}
{"level":"info","message":"Récupération des objectifs pour user:","timestamp":"2025-05-27 14:45:08"}
{"level":"info","message":"Récupération des abonnements pour user:","timestamp":"2025-05-27 14:45:08"}
{"level":"info","message":"8 objectifs trouvés","timestamp":"2025-05-27 14:45:08"}
{"level":"info","message":"13 abonnements trouvés","timestamp":"2025-05-27 14:45:08"}
{"level":"info","message":"Récupération des objectifs pour user:","timestamp":"2025-05-27 15:01:51"}
{"level":"info","message":"Récupération des abonnements pour user:","timestamp":"2025-05-27 15:01:51"}
{"level":"info","message":"2 objectifs trouvés","timestamp":"2025-05-27 15:01:51"}
{"level":"info","message":"7 abonnements trouvés","timestamp":"2025-05-27 15:01:51"}
{"level":"info","message":"Récupération des objectifs pour user:","timestamp":"2025-05-27 15:01:51"}
{"level":"info","message":"Récupération des abonnements pour user:","timestamp":"2025-05-27 15:01:51"}
{"level":"info","message":"2 objectifs trouvés","timestamp":"2025-05-27 15:01:51"}
{"level":"info","message":"7 abonnements trouvés","timestamp":"2025-05-27 15:01:51"}
{"level":"info","message":"Récupération des objectifs pour user:","timestamp":"2025-05-27 15:03:03"}
{"level":"info","message":"2 objectifs trouvés","timestamp":"2025-05-27 15:03:03"}
{"level":"info","message":"Récupération des abonnements pour user:","timestamp":"2025-05-27 15:03:03"}
{"level":"info","message":"7 abonnements trouvés","timestamp":"2025-05-27 15:03:03"}
{"level":"info","message":"Récupération des objectifs pour user:","timestamp":"2025-05-27 15:03:03"}
{"level":"info","message":"2 objectifs trouvés","timestamp":"2025-05-27 15:03:03"}
{"level":"info","message":"Récupération des abonnements pour user:","timestamp":"2025-05-27 15:03:03"}
{"level":"info","message":"7 abonnements trouvés","timestamp":"2025-05-27 15:03:03"}
{"level":"info","message":"Récupération des objectifs pour user:","timestamp":"2025-05-27 15:09:10"}
{"level":"info","message":"2 objectifs trouvés","timestamp":"2025-05-27 15:09:11"}
{"level":"info","message":"Récupération des abonnements pour user:","timestamp":"2025-05-27 15:09:11"}
{"level":"info","message":"Récupération des objectifs pour user:","timestamp":"2025-05-27 15:09:11"}
{"level":"info","message":"7 abonnements trouvés","timestamp":"2025-05-27 15:09:11"}
{"level":"info","message":"2 objectifs trouvés","timestamp":"2025-05-27 15:09:11"}
{"level":"info","message":"Récupération des abonnements pour user:","timestamp":"2025-05-27 15:09:11"}
{"level":"info","message":"7 abonnements trouvés","timestamp":"2025-05-27 15:09:11"}
{"level":"info","message":"Récupération des objectifs pour user:","timestamp":"2025-05-27 15:09:45"}
{"level":"info","message":"Récupération des abonnements pour user:","timestamp":"2025-05-27 15:09:45"}
{"level":"info","message":"2 objectifs trouvés","timestamp":"2025-05-27 15:09:45"}
{"level":"info","message":"7 abonnements trouvés","timestamp":"2025-05-27 15:09:45"}
{"level":"info","message":"Récupération des objectifs pour user:","timestamp":"2025-05-27 15:09:45"}
{"level":"info","message":"Récupération des abonnements pour user:","timestamp":"2025-05-27 15:09:45"}
{"level":"info","message":"2 objectifs trouvés","timestamp":"2025-05-27 15:09:45"}
{"level":"info","message":"7 abonnements trouvés","timestamp":"2025-05-27 15:09:45"}
{"level":"info","message":"Récupération des objectifs pour user:","timestamp":"2025-05-27 15:09:54"}
{"level":"info","message":"2 objectifs trouvés","timestamp":"2025-05-27 15:09:54"}
{"level":"info","message":"Récupération des abonnements pour user:","timestamp":"2025-05-27 15:09:54"}
{"level":"info","message":"Récupération des objectifs pour user:","timestamp":"2025-05-27 15:09:54"}
{"level":"info","message":"7 abonnements trouvés","timestamp":"2025-05-27 15:09:54"}
{"level":"info","message":"2 objectifs trouvés","timestamp":"2025-05-27 15:09:54"}
{"level":"info","message":"Récupération des abonnements pour user:","timestamp":"2025-05-27 15:09:54"}
{"level":"info","message":"7 abonnements trouvés","timestamp":"2025-05-27 15:09:54"}
{"level":"info","message":"Récupération des objectifs pour user:","timestamp":"2025-05-27 15:17:00"}
{"level":"info","message":"Récupération des abonnements pour user:","timestamp":"2025-05-27 15:17:00"}
{"level":"info","message":"2 objectifs trouvés","timestamp":"2025-05-27 15:17:00"}
{"level":"info","message":"7 abonnements trouvés","timestamp":"2025-05-27 15:17:00"}
{"level":"info","message":"Récupération des objectifs pour user:","timestamp":"2025-05-27 15:17:00"}
{"level":"info","message":"Récupération des abonnements pour user:","timestamp":"2025-05-27 15:17:00"}
{"level":"info","message":"2 objectifs trouvés","timestamp":"2025-05-27 15:17:00"}
{"level":"info","message":"7 abonnements trouvés","timestamp":"2025-05-27 15:17:00"}
{"level":"info","message":"Récupération des abonnements pour user:","timestamp":"2025-05-27 16:01:48"}
{"level":"info","message":"7 abonnements trouvés","timestamp":"2025-05-27 16:01:48"}
{"level":"info","message":"Récupération des abonnements pour user:","timestamp":"2025-05-27 16:01:48"}
{"level":"info","message":"7 abonnements trouvés","timestamp":"2025-05-27 16:01:48"}
{"level":"info","message":"Récupération des objectifs pour user:","timestamp":"2025-05-27 16:02:39"}
{"level":"info","message":"Récupération des abonnements pour user:","timestamp":"2025-05-27 16:02:39"}
{"level":"info","message":"2 objectifs trouvés","timestamp":"2025-05-27 16:02:39"}
{"level":"info","message":"7 abonnements trouvés","timestamp":"2025-05-27 16:02:39"}
{"level":"info","message":"Récupération des objectifs pour user:","timestamp":"2025-05-27 16:02:39"}
{"level":"info","message":"Récupération des abonnements pour user:","timestamp":"2025-05-27 16:02:39"}
{"level":"info","message":"2 objectifs trouvés","timestamp":"2025-05-27 16:02:39"}
{"level":"info","message":"7 abonnements trouvés","timestamp":"2025-05-27 16:02:39"}
